"Start of log file."
"C:/Users/8523~1/DOCUME~1/my_snake2/snake-game/Assets/Resources/head.max"
"Starting max loading and fbx conversion"
window = undefined
"Settings units"
"Before fbx export"
"After fbx export"
"Finished max loading and fbx conversion"
"C:/Users/8523~1/DOCUME~1/my_snake2/snake-game/Assets/Snake/head.max"
"Starting max loading and fbx conversion"
window = undefined
"Settings units"
"Before fbx export"
"After fbx export"
"Finished max loading and fbx conversion"
"C:/Users/8523~1/DOCUME~1/my_snake2/snake-game/Assets/Snake/body2.max"
"Starting max loading and fbx conversion"
window = undefined
"Settings units"
"Before fbx export"
"After fbx export"
"Finished max loading and fbx conversion"
"C:/Users/8523~1/DOCUME~1/my_snake2/snake-game/Assets/Snake/head.max"
"Starting max loading and fbx conversion"
window = undefined
"Settings units"
"Before fbx export"
"After fbx export"
"Finished max loading and fbx conversion"
"C:/Users/8523~1/DOCUME~1/my_snake2/snake-game/Assets/Snake/body2.max"
"Starting max loading and fbx conversion"
window = undefined
"Settings units"
"Before fbx export"
"After fbx export"
"Finished max loading and fbx conversion"
"C:/Users/8523~1/DOCUME~1/my_snake2/snake-game/Assets/Snake/head.max"
"Starting max loading and fbx conversion"
window = undefined
"Settings units"
"Before fbx export"
"After fbx export"
"Finished max loading and fbx conversion"
"C:/Users/8523~1/DOCUME~1/my_snake2/snake-game/Assets/Snake/body2.max"
"Starting max loading and fbx conversion"
window = undefined
"Settings units"
"Before fbx export"
"After fbx export"
"Finished max loading and fbx conversion"
